<?xml version="1.0" encoding="utf-8"?><testsuites name="pytest tests"><testsuite name="pytest" errors="0" failures="0" skipped="0" tests="24" time="3.296" timestamp="2026-04-30T11:00:56.854740+00:00" hostname="agent-env-8fdb1872-3be2-4dcb-b6c0-e83692374f69"><testcase classname="backend.tests.test_iter7_buyer_funnel.TestNiches" name="test_list_niches_returns_all_eight" time="0.182" /><testcase classname="backend.tests.test_iter7_buyer_funnel.TestNiches" name="test_get_niche_valid_key" time="0.137" /><testcase classname="backend.tests.test_iter7_buyer_funnel.TestNiches" name="test_get_niche_invalid_key_404" time="0.108" /><testcase classname="backend.tests.test_iter7_buyer_funnel.TestBlueprints" name="test_curated_blueprint_has_all_required_fields" time="0.105" /><testcase classname="backend.tests.test_iter7_buyer_funnel.TestBlueprints" name="test_blueprint_invalid_niche_404" time="0.141" /><testcase classname="backend.tests.test_iter7_buyer_funnel.TestBlueprints" name="test_blueprint_unknown_subcategory_returns_default" time="0.105" /><testcase classname="backend.tests.test_iter7_buyer_funnel.TestBlueprints" name="test_curated_blueprints_across_niches[apparel-T-shirts &amp; basics]" time="0.105" /><testcase classname="backend.tests.test_iter7_buyer_funnel.TestBlueprints" name="test_curated_blueprints_across_niches[beauty-Skincare]" time="0.108" /><testcase classname="backend.tests.test_iter7_buyer_funnel.TestBlueprints" name="test_curated_blueprints_across_niches[home-decor-Candles &amp; fragrance]" time="0.115" /><testcase classname="backend.tests.test_iter7_buyer_funnel.TestBlueprints" name="test_curated_blueprints_across_niches[electronics-Audio]" time="0.108" /><testcase classname="backend.tests.test_iter7_buyer_funnel.TestBlueprints" name="test_curated_blueprints_across_niches[packaging-Beauty primary pack]" time="0.101" /><testcase classname="backend.tests.test_iter7_buyer_funnel.TestBlueprints" name="test_curated_blueprints_across_niches[food-Snacks]" time="0.104" /><testcase classname="backend.tests.test_iter7_buyer_funnel.TestBlueprints" name="test_curated_blueprints_across_niches[toys-Wooden]" time="0.113" /><testcase classname="backend.tests.test_iter7_buyer_funnel.TestBuyerProfile" name="test_update_profile_persists" time="0.222" /><testcase classname="backend.tests.test_iter7_buyer_funnel.TestBuyerProfile" name="test_update_profile_unauthenticated_401" time="0.108" /><testcase classname="backend.tests.test_iter7_buyer_funnel.TestMultiDimReviews" name="test_review_with_all_dimensions" time="0.221" /><testcase classname="backend.tests.test_iter7_buyer_funnel.TestMultiDimReviews" name="test_review_legacy_minimal_payload" time="0.111" /><testcase classname="backend.tests.test_iter7_buyer_funnel.TestMultiDimReviews" name="test_agent_detail_returns_dim_fields" time="0.254" /><testcase classname="backend.tests.test_iter7_buyer_funnel.TestMultiDimReviews" name="test_rating_recomputation_average" time="0.111" /><testcase classname="backend.tests.test_iter7_buyer_funnel.TestRegression" name="test_auth_me_works" time="0.105" /><testcase classname="backend.tests.test_iter7_buyer_funnel.TestRegression" name="test_auth_me_unauth_401" time="0.113" /><testcase classname="backend.tests.test_iter7_buyer_funnel.TestRegression" name="test_root_ok" time="0.109" /><testcase classname="backend.tests.test_iter7_buyer_funnel.TestRegression" name="test_favourite_ids_endpoint" time="0.110" /><testcase classname="backend.tests.test_iter7_buyer_funnel.TestRegression" name="test_agents_listing_works" time="0.116" /></testsuite></testsuites>